0 info it worked if it ends with ok
1 verbose cli [ 'C:\\Program Files\\nodejs\\node.exe',
1 verbose cli   'C:\\Program Files\\nodejs\\node_modules\\npm\\bin\\npm-cli.js',
1 verbose cli   'start' ]
2 info using npm@3.10.10
3 info using node@v6.9.3
4 verbose run-script [ 'prestart', 'start', 'poststart' ]
5 info lifecycle visapp@0.0.0~prestart: visapp@0.0.0
6 silly lifecycle visapp@0.0.0~prestart: no script for prestart, continuing
7 info lifecycle visapp@0.0.0~start: visapp@0.0.0
8 verbose lifecycle visapp@0.0.0~start: unsafe-perm in lifecycle true
9 verbose lifecycle visapp@0.0.0~start: PATH: C:\Program Files\nodejs\node_modules\npm\bin\node-gyp-bin;C:\Users\vag-PC\Desktop\gitlab\code_vis2016_graphvis\visapp\node_modules\.bin;C:\Users\vag-PC\bin;G:\Program Files\Git\mingw64\bin;G:\Program Files\Git\usr\local\bin;G:\Program Files\Git\usr\bin;G:\Program Files\Git\usr\bin;G:\Program Files\Git\mingw64\bin;G:\Program Files\Git\usr\bin;C:\Users\vag-PC\bin;C:\Program Files (x86)\Common Files\NetSarang;C:\ProgramData\Oracle\Java\javapath;C:\WINDOWS\system32;C:\WINDOWS;C:\WINDOWS\System32\Wbem;C:\WINDOWS\System32\WindowsPowerShell\v1.0;C:\Program Files\Microsoft SQL Server\110\Tools\Binn;C:\Program Files\Microsoft SQL Server\120\Tools\Binn;C:\Program Files (x86)\Microsoft SDKs\TypeScript\1.0;G:\Program Files\bin;G:\Program Files (x86)\Cmake\bin;G:\Development\Microsoft Visual Studio 13.0\VC\bin;G:\Program Files (x86)\CTEX\UserData\miktex\bin;G:\Program Files (x86)\CTEX\MiKTeX\miktex\bin;G:\Program Files (x86)\CTEX\CTeX\ctex\bin;G:\Program Files (x86)\CTEX\CTeX\cct\bin;G:\Program Files (x86)\CTEX\CTeX\ty\bin;G:\Program Files (x86)\CTEX\Ghostscript\gs9.00\bin;G:\Program Files (x86)\CTEX\GSview\gsview;G:\Program Files (x86)\CTEX\WinEdt;G:\Development\QT\QT_msvc2013_opengl_5.4.0\5.4\msvc2013_64_opengl\bin;C:\Program Files (x86)\Microsoft SQL Server\100\Tools\Binn;C:\Program Files\Microsoft SQL Server\100\Tools\Binn;C:\Program Files\Microsoft SQL Server\100\DTS\Binn;G:\Development\QT\4.8.5\bin;G:\Development\QT\QT_msvc2013_opengl_5.4.0\5.4\msvc2013_64_opengl\bin;G:\Program Files\Git\cmd;C:\Program Files (x86)\Windows Kits\8.1\Windows Performance Toolkit;G:\Development\matlab2015\runtime\win64;G:\Development\matlab2015\bin;G:\Development\matlab\runtime\win64;G:\Development\matlab\bin;G:\Development\matlab2015\polyspace\bin;C:\WINDOWS\system32\wbem;C:\Program Files (x86)\IVT Corporation\BlueSoleil\Mobile;C:\Users\vag-PC\Desktop\gitlab\vis\apache-maven-3.3.9\bin;C:\Program Files (x86)\Yarn\bin;C:\Program Files\nodejs;C:\Users\vag-PC\AppData\Local\Microsoft\WindowsApps;C:\Users\vag-PC\AppData\Local\atom\bin;G:\Program Files (x86)\Microsoft VS Code\bin;C:\Users\vag-PC\Desktop\gitlab\vis\apache-maven-3.3.9\bin;C:\Users\vag-PC\Desktop\gitlab\vis\jdk1.8.0_60;C:\Users\vag-PC\AppData\Local\Yarn\.bin;C:\Users\vag-PC\AppData\Roaming\npm;G:\Program Files\Git\usr\bin\vendor_perl;G:\Program Files\Git\usr\bin\core_perl
10 verbose lifecycle visapp@0.0.0~start: CWD: C:\Users\vag-PC\Desktop\gitlab\code_vis2016_graphvis\visapp
11 silly lifecycle visapp@0.0.0~start: Args: [ '/d /s /c', 'node ./bin/www' ]
12 silly lifecycle visapp@0.0.0~start: Returned: code: 1  signal: null
13 info lifecycle visapp@0.0.0~start: Failed to exec start script
14 verbose stack Error: visapp@0.0.0 start: `node ./bin/www`
14 verbose stack Exit status 1
14 verbose stack     at EventEmitter.<anonymous> (C:\Program Files\nodejs\node_modules\npm\lib\utils\lifecycle.js:255:16)
14 verbose stack     at emitTwo (events.js:106:13)
14 verbose stack     at EventEmitter.emit (events.js:191:7)
14 verbose stack     at ChildProcess.<anonymous> (C:\Program Files\nodejs\node_modules\npm\lib\utils\spawn.js:40:14)
14 verbose stack     at emitTwo (events.js:106:13)
14 verbose stack     at ChildProcess.emit (events.js:191:7)
14 verbose stack     at maybeClose (internal/child_process.js:877:16)
14 verbose stack     at Process.ChildProcess._handle.onexit (internal/child_process.js:226:5)
15 verbose pkgid visapp@0.0.0
16 verbose cwd C:\Users\vag-PC\Desktop\gitlab\code_vis2016_graphvis\visapp
17 error Windows_NT 10.0.14393
18 error argv "C:\\Program Files\\nodejs\\node.exe" "C:\\Program Files\\nodejs\\node_modules\\npm\\bin\\npm-cli.js" "start"
19 error node v6.9.3
20 error npm  v3.10.10
21 error code ELIFECYCLE
22 error visapp@0.0.0 start: `node ./bin/www`
22 error Exit status 1
23 error Failed at the visapp@0.0.0 start script 'node ./bin/www'.
23 error Make sure you have the latest version of node.js and npm installed.
23 error If you do, this is most likely a problem with the visapp package,
23 error not with npm itself.
23 error Tell the author that this fails on your system:
23 error     node ./bin/www
23 error You can get information on how to open an issue for this project with:
23 error     npm bugs visapp
23 error Or if that isn't available, you can get their info via:
23 error     npm owner ls visapp
23 error There is likely additional logging output above.
24 verbose exit [ 1, true ]
